0 info it worked if it ends with ok
1 verbose cli [ 'C:\\Program Files\\nodejs\\node.exe',
1 verbose cli   'C:\\Users\\H200415\\AppData\\Roaming\\npm\\node_modules\\npm\\bin\\npm-cli.js',
1 verbose cli   'start' ]
2 info using npm@4.1.2
3 info using node@v6.9.1
4 verbose run-script [ 'prestart', 'start', 'poststart' ]
5 info lifecycle cloudant_boilerplate_nodejs@0.0.2~prestart: cloudant_boilerplate_nodejs@0.0.2
6 silly lifecycle cloudant_boilerplate_nodejs@0.0.2~prestart: no script for prestart, continuing
7 info lifecycle cloudant_boilerplate_nodejs@0.0.2~start: cloudant_boilerplate_nodejs@0.0.2
8 verbose lifecycle cloudant_boilerplate_nodejs@0.0.2~start: unsafe-perm in lifecycle true
9 verbose lifecycle cloudant_boilerplate_nodejs@0.0.2~start: PATH: C:\Users\H200415\AppData\Roaming\npm\node_modules\npm\bin\node-gyp-bin;C:\Users\H200415\workspace\ConnectedHome-Team1-Honeywell\node_modules\.bin;C:\Program Files (x86)\Intel\iCLS Client\;C:\Program Files\Intel\iCLS Client\;C:\ProgramData\Oracle\Java\javapath;C:\windows\system32;C:\windows;C:\windows\System32\Wbem;C:\windows\System32\WindowsPowerShell\v1.0\;C:\Program Files (x86)\NVIDIA Corporation\PhysX\Common;C:\Program Files (x86)\Intel\Intel(R) Management Engine Components\DAL;C:\Program Files\Intel\Intel(R) Management Engine Components\DAL;C:\Program Files (x86)\Intel\Intel(R) Management Engine Components\IPT;C:\Program Files\Intel\Intel(R) Management Engine Components\IPT;C:\Program Files\1E\NomadBranch\;C:\Program Files\Microsoft\Web Platform Installer\;C:\Program Files\Git\cmd;C:\Program Files\Microsoft SQL Server\Client SDK\ODBC\110\Tools\Binn\;C:\Program Files (x86)\Microsoft SQL Server\120\Tools\Binn\;C:\Program Files\Microsoft SQL Server\120\Tools\Binn\;C:\Program Files\Microsoft SQL Server\120\DTS\Binn\;C:\Program Files (x86)\Microsoft SQL Server\120\Tools\Binn\ManagementStudio\;C:\Program Files (x86)\Microsoft SQL Server\120\DTS\Binn\;C:\Program Files\nodejs\;C:\Program Files\Microsoft SQL Server\110\Tools\Binn\;C:\Program Files\dotnet\;C:\Users\H200415\.dnx\bin;C:\Program Files\Microsoft DNX\Dnvm\;C:\Program Files\Microsoft SQL Server\130\Tools\Binn\;C:\Users\H200415\AppData\Local\atom\bin;C:\Users\H200415\AppData\Roaming\npm
10 verbose lifecycle cloudant_boilerplate_nodejs@0.0.2~start: CWD: C:\Users\H200415\workspace\ConnectedHome-Team1-Honeywell
11 silly lifecycle cloudant_boilerplate_nodejs@0.0.2~start: Args: [ '/d /s /c', 'node app.js' ]
12 silly lifecycle cloudant_boilerplate_nodejs@0.0.2~start: Returned: code: 1  signal: null
13 info lifecycle cloudant_boilerplate_nodejs@0.0.2~start: Failed to exec start script
14 verbose stack Error: cloudant_boilerplate_nodejs@0.0.2 start: `node app.js`
14 verbose stack Exit status 1
14 verbose stack     at EventEmitter.<anonymous> (C:\Users\H200415\AppData\Roaming\npm\node_modules\npm\lib\utils\lifecycle.js:279:16)
14 verbose stack     at emitTwo (events.js:106:13)
14 verbose stack     at EventEmitter.emit (events.js:191:7)
14 verbose stack     at ChildProcess.<anonymous> (C:\Users\H200415\AppData\Roaming\npm\node_modules\npm\lib\utils\spawn.js:40:14)
14 verbose stack     at emitTwo (events.js:106:13)
14 verbose stack     at ChildProcess.emit (events.js:191:7)
14 verbose stack     at maybeClose (internal/child_process.js:877:16)
14 verbose stack     at Process.ChildProcess._handle.onexit (internal/child_process.js:226:5)
15 verbose pkgid cloudant_boilerplate_nodejs@0.0.2
16 verbose cwd C:\Users\H200415\workspace\ConnectedHome-Team1-Honeywell
17 error Windows_NT 10.0.10586
18 error argv "C:\\Program Files\\nodejs\\node.exe" "C:\\Users\\H200415\\AppData\\Roaming\\npm\\node_modules\\npm\\bin\\npm-cli.js" "start"
19 error node v6.9.1
20 error npm  v4.1.2
21 error code ELIFECYCLE
22 error cloudant_boilerplate_nodejs@0.0.2 start: `node app.js`
22 error Exit status 1
23 error Failed at the cloudant_boilerplate_nodejs@0.0.2 start script 'node app.js'.
23 error Make sure you have the latest version of node.js and npm installed.
23 error If you do, this is most likely a problem with the cloudant_boilerplate_nodejs package,
23 error not with npm itself.
23 error Tell the author that this fails on your system:
23 error     node app.js
23 error You can get information on how to open an issue for this project with:
23 error     npm bugs cloudant_boilerplate_nodejs
23 error Or if that isn't available, you can get their info via:
23 error     npm owner ls cloudant_boilerplate_nodejs
23 error There is likely additional logging output above.
24 verbose exit [ 1, true ]
